{"/workspaces/spa/fixture/posts.js": {"path":"/workspaces/spa/fixture/posts.js","statementMap":{"0":{"start":{"line":1,"column":21},"end":{"line":604,"column":1}}},"fnMap":{},"branchMap":{},"s":{"0":2},"f":{},"b":{},"_coverageSchema":"1a1c01bbd47fc00a2c39e90264f33305004495a9","hash":"c418bffe3e55abf514c2cdda989e025796dc0425"}
,"/workspaces/spa/fixture_data/api-data.js": {"path":"/workspaces/spa/fixture_data/api-data.js","statementMap":{"0":{"start":{"line":1,"column":29},"end":{"line":4144,"column":1}}},"fnMap":{},"branchMap":{},"s":{"0":2},"f":{},"b":{},"_coverageSchema":"1a1c01bbd47fc00a2c39e90264f33305004495a9","hash":"56a24cae6ca7dacdb50f0ce634862348ba24286e"}
,"/workspaces/spa/src/app/api/api.repository.js": {"path":"/workspaces/spa/src/app/api/api.repository.js","statementMap":{"0":{"start":{"line":4,"column":10},"end":{"line":4,"column":45}},"1":{"start":{"line":5,"column":17},"end":{"line":5,"column":25}},"2":{"start":{"line":8,"column":31},"end":{"line":8,"column":86}},"3":{"start":{"line":9,"column":8},"end":{"line":9,"column":30}}},"fnMap":{"0":{"name":"(anonymous_0)","decl":{"start":{"line":7,"column":4},"end":{"line":7,"column":5}},"loc":{"start":{"line":7,"column":26},"end":{"line":10,"column":5}},"line":7}},"branchMap":{},"s":{"0":1,"1":1,"2":1,"3":1},"f":{"0":1},"b":{},"_coverageSchema":"1a1c01bbd47fc00a2c39e90264f33305004495a9","hash":"54ee30ac012fc7165f043472a0b438df2f43ec2d"}
,"/workspaces/spa/src/app/api/api.service.js": {"path":"/workspaces/spa/src/app/api/api.service.js","statementMap":{"0":{"start":{"line":6,"column":8},"end":{"line":6,"column":50}},"1":{"start":{"line":11,"column":8},"end":{"line":11,"column":60}}},"fnMap":{"0":{"name":"(anonymous_0)","decl":{"start":{"line":5,"column":4},"end":{"line":5,"column":5}},"loc":{"start":{"line":5,"column":18},"end":{"line":7,"column":5}},"line":5},"1":{"name":"(anonymous_1)","decl":{"start":{"line":10,"column":4},"end":{"line":10,"column":5}},"loc":{"start":{"line":10,"column":22},"end":{"line":12,"column":5}},"line":10}},"branchMap":{},"s":{"0":1,"1":1},"f":{"0":1,"1":1},"b":{},"_coverageSchema":"1a1c01bbd47fc00a2c39e90264f33305004495a9","hash":"c48d869ff3d8585ce9bce786175ab44f7c402b7d"}
,"/workspaces/spa/src/app/entero/entero.js": {"path":"/workspaces/spa/src/app/entero/entero.js","statementMap":{"0":{"start":{"line":4,"column":8},"end":{"line":4,"column":58}}},"fnMap":{"0":{"name":"(anonymous_0)","decl":{"start":{"line":3,"column":4},"end":{"line":3,"column":5}},"loc":{"start":{"line":3,"column":20},"end":{"line":5,"column":5}},"line":3}},"branchMap":{"0":{"loc":{"start":{"line":4,"column":15},"end":{"line":4,"column":57}},"type":"cond-expr","locations":[{"start":{"line":4,"column":36},"end":{"line":4,"column":44}},{"start":{"line":4,"column":47},"end":{"line":4,"column":57}}],"line":4}},"s":{"0":1},"f":{"0":1},"b":{"0":[1,0]},"_coverageSchema":"1a1c01bbd47fc00a2c39e90264f33305004495a9","hash":"bca4a986a57770b9cf805d57555adbd535f62568"}
,"/workspaces/spa/src/app/nif/nif.js": {"path":"/workspaces/spa/src/app/nif/nif.js","statementMap":{"0":{"start":{"line":4,"column":8},"end":{"line":13,"column":9}},"1":{"start":{"line":5,"column":31},"end":{"line":5,"column":56}},"2":{"start":{"line":6,"column":12},"end":{"line":9,"column":13}},"3":{"start":{"line":7,"column":16},"end":{"line":7,"column":44}},"4":{"start":{"line":8,"column":16},"end":{"line":8,"column":28}},"5":{"start":{"line":11,"column":12},"end":{"line":11,"column":42}},"6":{"start":{"line":12,"column":12},"end":{"line":12,"column":25}}},"fnMap":{"0":{"name":"(anonymous_0)","decl":{"start":{"line":3,"column":4},"end":{"line":3,"column":5}},"loc":{"start":{"line":3,"column":30},"end":{"line":14,"column":5}},"line":3}},"branchMap":{"0":{"loc":{"start":{"line":4,"column":8},"end":{"line":13,"column":9}},"type":"if","locations":[{"start":{"line":4,"column":8},"end":{"line":13,"column":9}},{"start":{"line":4,"column":8},"end":{"line":13,"column":9}}],"line":4},"1":{"loc":{"start":{"line":4,"column":12},"end":{"line":4,"column":100}},"type":"binary-expr","locations":[{"start":{"line":4,"column":12},"end":{"line":4,"column":26}},{"start":{"line":4,"column":30},"end":{"line":4,"column":43}},{"start":{"line":4,"column":47},"end":{"line":4,"column":77}},{"start":{"line":4,"column":81},"end":{"line":4,"column":100}}],"line":4},"2":{"loc":{"start":{"line":6,"column":12},"end":{"line":9,"column":13}},"type":"if","locations":[{"start":{"line":6,"column":12},"end":{"line":9,"column":13}},{"start":{"line":6,"column":12},"end":{"line":9,"column":13}}],"line":6}},"s":{"0":1,"1":1,"2":1,"3":1,"4":1,"5":0,"6":0},"f":{"0":1},"b":{"0":[1,0],"1":[1,1,1,1],"2":[1,0]},"_coverageSchema":"1a1c01bbd47fc00a2c39e90264f33305004495a9","hash":"750f03acc81852e63f1d465b599b47802f72e911"}
,"/workspaces/spa/src/app/palindromo/palindromo.js": {"path":"/workspaces/spa/src/app/palindromo/palindromo.js","statementMap":{"0":{"start":{"line":4,"column":20},"end":{"line":4,"column":35}},"1":{"start":{"line":5,"column":22},"end":{"line":5,"column":37}},"2":{"start":{"line":7,"column":8},"end":{"line":7,"column":80}}},"fnMap":{"0":{"name":"(anonymous_0)","decl":{"start":{"line":3,"column":4},"end":{"line":3,"column":5}},"loc":{"start":{"line":3,"column":23},"end":{"line":8,"column":5}},"line":3}},"branchMap":{"0":{"loc":{"start":{"line":7,"column":15},"end":{"line":7,"column":79}},"type":"cond-expr","locations":[{"start":{"line":7,"column":43},"end":{"line":7,"column":58}},{"start":{"line":7,"column":61},"end":{"line":7,"column":79}}],"line":7}},"s":{"0":1,"1":1,"2":1},"f":{"0":1},"b":{"0":[1,0]},"_coverageSchema":"1a1c01bbd47fc00a2c39e90264f33305004495a9","hash":"2c6a45635d476c9b83c09628345a2444d07ddeed"}
,"/workspaces/spa/src/app/posts/posts.repository.js": {"path":"/workspaces/spa/src/app/posts/posts.repository.js","statementMap":{"0":{"start":{"line":5,"column":24},"end":{"line":5,"column":85}},"1":{"start":{"line":6,"column":8},"end":{"line":6,"column":23}}},"fnMap":{"0":{"name":"(anonymous_0)","decl":{"start":{"line":4,"column":4},"end":{"line":4,"column":5}},"loc":{"start":{"line":4,"column":24},"end":{"line":7,"column":5}},"line":4}},"branchMap":{},"s":{"0":1,"1":1},"f":{"0":1},"b":{},"_coverageSchema":"1a1c01bbd47fc00a2c39e90264f33305004495a9","hash":"fb562781fe6ba3f316f2bdb2a8fbff6d58693d97"}
,"/workspaces/spa/src/app/posts/posts.service.js": {"path":"/workspaces/spa/src/app/posts/posts.service.js","statementMap":{"0":{"start":{"line":6,"column":8},"end":{"line":6,"column":45}},"1":{"start":{"line":10,"column":8},"end":{"line":10,"column":51}}},"fnMap":{"0":{"name":"(anonymous_0)","decl":{"start":{"line":5,"column":4},"end":{"line":5,"column":5}},"loc":{"start":{"line":5,"column":18},"end":{"line":7,"column":5}},"line":5},"1":{"name":"(anonymous_1)","decl":{"start":{"line":9,"column":4},"end":{"line":9,"column":5}},"loc":{"start":{"line":9,"column":21},"end":{"line":11,"column":5}},"line":9}},"branchMap":{},"s":{"0":1,"1":1},"f":{"0":1,"1":1},"b":{},"_coverageSchema":"1a1c01bbd47fc00a2c39e90264f33305004495a9","hash":"b421a1be1655c5fac7e41f6d6db45f7849aa46db"}
}
